This is pdfTeX, Version 3.141592653-2.6-1.40.26 (MiKTeX 24.4) (preloaded format=pdflatex 2025.2.2)  4 JAN 2026 11:59
entering extended mode
 restricted \write18 enabled.
 %&-line parsing enabled.
**./FundamentosInferenciaEstadistica.tex
(FundamentosInferenciaEstadistica.tex
LaTeX2e <2024-11-01> patch level 2
L3 programming layer <2025-01-18>
(C:\Users\Usuario\AppData\Local\Programs\MiKTeX\tex/latex/base\article.cls
Document Class: article 2024/06/29 v1.4n Standard LaTeX document class
(C:\Users\Usuario\AppData\Local\Programs\MiKTeX\tex/latex/base\size10.clo
File: size10.clo 2024/06/29 v1.4n Standard LaTeX file (size option)
)
\c@part=\count196
\c@section=\count197
\c@subsection=\count198
\c@subsubsection=\count199
\c@paragraph=\count266
\c@subparagraph=\count267
\c@figure=\count268
\c@table=\count269
\abovecaptionskip=\skip49
\belowcaptionskip=\skip50
\bibindent=\dimen141
) (C:\Users\Usuario\AppData\Local\Programs\MiKTeX\tex/latex/xcolor\xcolor.sty
Package: xcolor 2024/09/29 v3.02 LaTeX color extensions (UK)

(C:\Users\Usuario\AppData\Local\Programs\MiKTeX\tex/latex/graphics-cfg\color.cf
g
File: color.cfg 2016/01/02 v1.6 sample color configuration
)
Package xcolor Info: Driver file: pdftex.def on input line 274.

(C:\Users\Usuario\AppData\Local\Programs\MiKTeX\tex/latex/graphics-def\pdftex.d
ef
File: pdftex.def 2024/04/13 v1.2c Graphics/color driver for pdftex
)
(C:\Users\Usuario\AppData\Local\Programs\MiKTeX\tex/latex/graphics\mathcolor.lt
x)
Package xcolor Info: Model `cmy' substituted by `cmy0' on input line 1349.
Package xcolor Info: Model `hsb' substituted by `rgb' on input line 1353.
Package xcolor Info: Model `RGB' extended on input line 1365.
Package xcolor Info: Model `HTML' substituted by `rgb' on input line 1367.
Package xcolor Info: Model `Hsb' substituted by `hsb' on input line 1368.
Package xcolor Info: Model `tHsb' substituted by `hsb' on input line 1369.
Package xcolor Info: Model `HSB' substituted by `hsb' on input line 1370.
Package xcolor Info: Model `Gray' substituted by `gray' on input line 1371.
Package xcolor Info: Model `wave' substituted by `hsb' on input line 1372.
)
(C:\Users\Usuario\AppData\Local\Programs\MiKTeX\tex/latex/geometry\geometry.sty
Package: geometry 2020/01/02 v5.9 Page Geometry
(C:\Users\Usuario\AppData\Local\Programs\MiKTeX\tex/latex/graphics\keyval.sty
Package: keyval 2022/05/29 v1.15 key=value parser (DPC)
\KV@toks@=\toks17
) (C:\Users\Usuario\AppData\Local\Programs\MiKTeX\tex/generic/iftex\ifvtex.sty
Package: ifvtex 2019/10/25 v1.7 ifvtex legacy package. Use iftex instead.
(C:\Users\Usuario\AppData\Local\Programs\MiKTeX\tex/generic/iftex\iftex.sty
Package: iftex 2024/12/12 v1.0g TeX engine tests
))
\Gm@cnth=\count270
\Gm@cntv=\count271
\c@Gm@tempcnt=\count272
\Gm@bindingoffset=\dimen142
\Gm@wd@mp=\dimen143
\Gm@odd@mp=\dimen144
\Gm@even@mp=\dimen145
\Gm@layoutwidth=\dimen146
\Gm@layoutheight=\dimen147
\Gm@layouthoffset=\dimen148
\Gm@layoutvoffset=\dimen149
\Gm@dimlist=\toks18

(C:\Users\Usuario\AppData\Local\Programs\MiKTeX\tex/latex/geometry\geometry.cfg
)) (C:\Users\Usuario\AppData\Local\Programs\MiKTeX\tex/latex/amsmath\amsmath.st
y
Package: amsmath 2024/11/05 v2.17t AMS math features
\@mathmargin=\skip51
For additional information on amsmath, use the `?' option.
(C:\Users\Usuario\AppData\Local\Programs\MiKTeX\tex/latex/amsmath\amstext.sty
Package: amstext 2021/08/26 v2.01 AMS text
(C:\Users\Usuario\AppData\Local\Programs\MiKTeX\tex/latex/amsmath\amsgen.sty
File: amsgen.sty 1999/11/30 v2.0 generic functions
\@emptytoks=\toks19
\ex@=\dimen150
)) (C:\Users\Usuario\AppData\Local\Programs\MiKTeX\tex/latex/amsmath\amsbsy.sty
Package: amsbsy 1999/11/29 v1.2d Bold Symbols
\pmbraise@=\dimen151
) (C:\Users\Usuario\AppData\Local\Programs\MiKTeX\tex/latex/amsmath\amsopn.sty
Package: amsopn 2022/04/08 v2.04 operator names
)
\inf@bad=\count273
LaTeX Info: Redefining \frac on input line 233.
\uproot@=\count274
\leftroot@=\count275
LaTeX Info: Redefining \overline on input line 398.
LaTeX Info: Redefining \colon on input line 409.
\classnum@=\count276
\DOTSCASE@=\count277
LaTeX Info: Redefining \ldots on input line 495.
LaTeX Info: Redefining \dots on input line 498.
LaTeX Info: Redefining \cdots on input line 619.
\Mathstrutbox@=\box52
\strutbox@=\box53
LaTeX Info: Redefining \big on input line 721.
LaTeX Info: Redefining \Big on input line 722.
LaTeX Info: Redefining \bigg on input line 723.
LaTeX Info: Redefining \Bigg on input line 724.
\big@size=\dimen152
LaTeX Font Info:    Redeclaring font encoding OML on input line 742.
LaTeX Font Info:    Redeclaring font encoding OMS on input line 743.
\macc@depth=\count278
LaTeX Info: Redefining \bmod on input line 904.
LaTeX Info: Redefining \pmod on input line 909.
LaTeX Info: Redefining \smash on input line 939.
LaTeX Info: Redefining \relbar on input line 969.
LaTeX Info: Redefining \Relbar on input line 970.
\c@MaxMatrixCols=\count279
\dotsspace@=\muskip17
\c@parentequation=\count280
\dspbrk@lvl=\count281
\tag@help=\toks20
\row@=\count282
\column@=\count283
\maxfields@=\count284
\andhelp@=\toks21
\eqnshift@=\dimen153
\alignsep@=\dimen154
\tagshift@=\dimen155
\tagwidth@=\dimen156
\totwidth@=\dimen157
\lineht@=\dimen158
\@envbody=\toks22
\multlinegap=\skip52
\multlinetaggap=\skip53
\mathdisplay@stack=\toks23
LaTeX Info: Redefining \[ on input line 2953.
LaTeX Info: Redefining \] on input line 2954.
) (C:\Users\Usuario\AppData\Local\Programs\MiKTeX\tex/latex/amsfonts\amssymb.st
y
Package: amssymb 2013/01/14 v3.01 AMS font symbols

(C:\Users\Usuario\AppData\Local\Programs\MiKTeX\tex/latex/amsfonts\amsfonts.sty
Package: amsfonts 2013/01/14 v3.01 Basic AMSFonts support
\symAMSa=\mathgroup4
\symAMSb=\mathgroup5
LaTeX Font Info:    Redeclaring math symbol \hbar on input line 98.
LaTeX Font Info:    Overwriting math alphabet `\mathfrak' in version `bold'
(Font)                  U/euf/m/n --> U/euf/b/n on input line 106.
)) (C:\Users\Usuario\AppData\Local\Programs\MiKTeX\tex/latex/base\fontenc.sty
Package: fontenc 2021/04/29 v2.0v Standard LaTeX package
) (C:\Users\Usuario\AppData\Local\Programs\MiKTeX\tex/latex/base\inputenc.sty
Package: inputenc 2024/02/08 v1.3d Input encoding file
\inpenc@prehook=\toks24
\inpenc@posthook=\toks25
) (C:\Users\Usuario\AppData\Local\Programs\MiKTeX\tex/latex/base\textcomp.sty
Package: textcomp 2024/04/24 v2.1b Standard LaTeX package
) (C:\Users\Usuario\AppData\Local\Programs\MiKTeX\tex/latex/lm\lmodern.sty
Package: lmodern 2015/05/01 v1.6.1 Latin Modern Fonts
LaTeX Font Info:    Overwriting symbol font `operators' in version `normal'
(Font)                  OT1/cmr/m/n --> OT1/lmr/m/n on input line 22.
LaTeX Font Info:    Overwriting symbol font `letters' in version `normal'
(Font)                  OML/cmm/m/it --> OML/lmm/m/it on input line 23.
LaTeX Font Info:    Overwriting symbol font `symbols' in version `normal'
(Font)                  OMS/cmsy/m/n --> OMS/lmsy/m/n on input line 24.
LaTeX Font Info:    Overwriting symbol font `largesymbols' in version `normal'
(Font)                  OMX/cmex/m/n --> OMX/lmex/m/n on input line 25.
LaTeX Font Info:    Overwriting symbol font `operators' in version `bold'
(Font)                  OT1/cmr/bx/n --> OT1/lmr/bx/n on input line 26.
LaTeX Font Info:    Overwriting symbol font `letters' in version `bold'
(Font)                  OML/cmm/b/it --> OML/lmm/b/it on input line 27.
LaTeX Font Info:    Overwriting symbol font `symbols' in version `bold'
(Font)                  OMS/cmsy/b/n --> OMS/lmsy/b/n on input line 28.
LaTeX Font Info:    Overwriting symbol font `largesymbols' in version `bold'
(Font)                  OMX/cmex/m/n --> OMX/lmex/m/n on input line 29.
LaTeX Font Info:    Overwriting math alphabet `\mathbf' in version `normal'
(Font)                  OT1/cmr/bx/n --> OT1/lmr/bx/n on input line 31.
LaTeX Font Info:    Overwriting math alphabet `\mathsf' in version `normal'
(Font)                  OT1/cmss/m/n --> OT1/lmss/m/n on input line 32.
LaTeX Font Info:    Overwriting math alphabet `\mathit' in version `normal'
(Font)                  OT1/cmr/m/it --> OT1/lmr/m/it on input line 33.
LaTeX Font Info:    Overwriting math alphabet `\mathtt' in version `normal'
(Font)                  OT1/cmtt/m/n --> OT1/lmtt/m/n on input line 34.
LaTeX Font Info:    Overwriting math alphabet `\mathbf' in version `bold'
(Font)                  OT1/cmr/bx/n --> OT1/lmr/bx/n on input line 35.
LaTeX Font Info:    Overwriting math alphabet `\mathsf' in version `bold'
(Font)                  OT1/cmss/bx/n --> OT1/lmss/bx/n on input line 36.
LaTeX Font Info:    Overwriting math alphabet `\mathit' in version `bold'
(Font)                  OT1/cmr/bx/it --> OT1/lmr/bx/it on input line 37.
LaTeX Font Info:    Overwriting math alphabet `\mathtt' in version `bold'
(Font)                  OT1/cmtt/m/n --> OT1/lmtt/m/n on input line 38.
) (C:\Users\Usuario\AppData\Local\Programs\MiKTeX\tex/latex/upquote\upquote.sty
Package: upquote 2012/04/19 v1.3 upright-quote and grave-accent glyphs in verba
tim
)
(C:\Users\Usuario\AppData\Local\Programs\MiKTeX\tex/latex/microtype\microtype.s
ty
Package: microtype 2024/12/12 v3.2 Micro-typographical refinements (RS)

(C:\Users\Usuario\AppData\Local\Programs\MiKTeX\tex/latex/etoolbox\etoolbox.sty
Package: etoolbox 2020/10/05 v2.5k e-TeX tools for LaTeX (JAW)
\etb@tempcnta=\count285
)
\MT@toks=\toks26
\MT@tempbox=\box54
\MT@count=\count286
LaTeX Info: Redefining \noprotrusionifhmode on input line 1075.
LaTeX Info: Redefining \leftprotrusion on input line 1076.
\MT@prot@toks=\toks27
LaTeX Info: Redefining \rightprotrusion on input line 1095.
LaTeX Info: Redefining \textls on input line 1437.
\MT@outer@kern=\dimen159
LaTeX Info: Redefining \microtypecontext on input line 2041.
LaTeX Info: Redefining \textmicrotypecontext on input line 2058.
\MT@listname@count=\count287

(C:\Users\Usuario\AppData\Local\Programs\MiKTeX\tex/latex/microtype\microtype-p
dftex.def
File: microtype-pdftex.def 2024/12/12 v3.2 Definitions specific to pdftex (RS)
LaTeX Info: Redefining \lsstyle on input line 944.
LaTeX Info: Redefining \lslig on input line 944.
\MT@outer@space=\skip54
)
Package microtype Info: Loading configuration file microtype.cfg.

(C:\Users\Usuario\AppData\Local\Programs\MiKTeX\tex/latex/microtype\microtype.c
fg
File: microtype.cfg 2024/12/12 v3.2 microtype main configuration file (RS)
)
LaTeX Info: Redefining \microtypesetup on input line 3053.
) (C:\Users\Usuario\AppData\Local\Programs\MiKTeX\tex/latex/parskip\parskip.sty
Package: parskip 2021-03-14 v2.0h non-zero parskip adjustments

(C:\Users\Usuario\AppData\Local\Programs\MiKTeX\tex/latex/kvoptions\kvoptions.s
ty
Package: kvoptions 2022-06-15 v3.15 Key value format for package options (HO)

(C:\Users\Usuario\AppData\Local\Programs\MiKTeX\tex/generic/ltxcmds\ltxcmds.sty
Package: ltxcmds 2023-12-04 v1.26 LaTeX kernel commands for general use (HO)
)
(C:\Users\Usuario\AppData\Local\Programs\MiKTeX\tex/latex/kvsetkeys\kvsetkeys.s
ty
Package: kvsetkeys 2022-10-05 v1.19 Key value parser (HO)
)))
(C:\Users\Usuario\AppData\Local\Programs\MiKTeX\tex/latex/fancyvrb\fancyvrb.sty
Package: fancyvrb 2024/01/20 4.5c verbatim text (tvz,hv)
\FV@CodeLineNo=\count288
\FV@InFile=\read2
\FV@TabBox=\box55
\c@FancyVerbLine=\count289
\FV@StepNumber=\count290
\FV@OutFile=\write3
) (C:\Users\Usuario\AppData\Local\Programs\MiKTeX\tex/latex/framed\framed.sty
Package: framed 2011/10/22 v 0.96: framed or shaded text with page breaks
\OuterFrameSep=\skip55
\fb@frw=\dimen160
\fb@frh=\dimen161
\FrameRule=\dimen162
\FrameSep=\dimen163
) (C:\Users\Usuario\AppData\Local\Programs\MiKTeX\tex/latex/tools\longtable.sty
Package: longtable 2024-10-27 v4.22 Multi-page Table package (DPC)
\LTleft=\skip56
\LTright=\skip57
\LTpre=\skip58
\LTpost=\skip59
\LTchunksize=\count291
\LTcapwidth=\dimen164
\LT@head=\box56
\LT@firsthead=\box57
\LT@foot=\box58
\LT@lastfoot=\box59
\LT@gbox=\box60
\LT@cols=\count292
\LT@rows=\count293
\c@LT@tables=\count294
\c@LT@chunks=\count295
\LT@p@ftn=\toks28
)
(C:\Users\Usuario\AppData\Local\Programs\MiKTeX\tex/latex/booktabs\booktabs.sty
Package: booktabs 2020/01/12 v1.61803398 Publication quality tables
\heavyrulewidth=\dimen165
\lightrulewidth=\dimen166
\cmidrulewidth=\dimen167
\belowrulesep=\dimen168
\belowbottomsep=\dimen169
\aboverulesep=\dimen170
\abovetopsep=\dimen171
\cmidrulesep=\dimen172
\cmidrulekern=\dimen173
\defaultaddspace=\dimen174
\@cmidla=\count296
\@cmidlb=\count297
\@aboverulesep=\dimen175
\@belowrulesep=\dimen176
\@thisruleclass=\count298
\@lastruleclass=\count299
\@thisrulewidth=\dimen177
) (C:\Users\Usuario\AppData\Local\Programs\MiKTeX\tex/latex/tools\array.sty
Package: array 2024/10/17 v2.6g Tabular extension package (FMi)
\col@sep=\dimen178
\ar@mcellbox=\box61
\extrarowheight=\dimen179
\NC@list=\toks29
\extratabsurround=\skip60
\backup@length=\skip61
\ar@cellbox=\box62
) (C:\Users\Usuario\AppData\Local\Programs\MiKTeX\tex/latex/tools\calc.sty
Package: calc 2023/07/08 v4.3 Infix arithmetic (KKT,FJ)
\calc@Acount=\count300
\calc@Bcount=\count301
\calc@Adimen=\dimen180
\calc@Bdimen=\dimen181
\calc@Askip=\skip62
\calc@Bskip=\skip63
LaTeX Info: Redefining \setlength on input line 80.
LaTeX Info: Redefining \addtolength on input line 81.
\calc@Ccount=\count302
\calc@Cskip=\skip64
)
(C:\Users\Usuario\AppData\Local\Programs\MiKTeX\tex/latex/footnotehyper\footnot
ehyper.sty
Package: footnotehyper 2021/08/13 v1.1e hyperref aware footnote.sty (JFB)
\FNH@notes=\box63
\FNH@width=\dimen182
\FNH@toks=\toks30
)
(C:\Users\Usuario\AppData\Local\Programs\MiKTeX\tex/latex/graphics\graphicx.sty
Package: graphicx 2021/09/16 v1.2d Enhanced LaTeX Graphics (DPC,SPQR)

(C:\Users\Usuario\AppData\Local\Programs\MiKTeX\tex/latex/graphics\graphics.sty
Package: graphics 2024/08/06 v1.4g Standard LaTeX Graphics (DPC,SPQR)
(C:\Users\Usuario\AppData\Local\Programs\MiKTeX\tex/latex/graphics\trig.sty
Package: trig 2023/12/02 v1.11 sin cos tan (DPC)
)
(C:\Users\Usuario\AppData\Local\Programs\MiKTeX\tex/latex/graphics-cfg\graphics
.cfg
File: graphics.cfg 2016/06/04 v1.11 sample graphics configuration
)
Package graphics Info: Driver file: pdftex.def on input line 106.
)
\Gin@req@height=\dimen183
\Gin@req@width=\dimen184
)
\pandoc@box=\box64
(C:\Users\Usuario\AppData\Local\Programs\MiKTeX\tex/generic/soul\soul.sty
Package: soul 2023-06-14 v3.1 Permit use of UTF-8 characters in soul (HO)
(C:\Users\Usuario\AppData\Local\Programs\MiKTeX\tex/generic/soul\soul-ori.sty
Package: soul-ori 2023-06-14 v3.1 letterspacing/underlining (mf)
\SOUL@word=\toks31
\SOUL@lasttoken=\toks32
\SOUL@syllable=\toks33
\SOUL@cmds=\toks34
\SOUL@buffer=\toks35
\SOUL@token=\toks36
\SOUL@syllgoal=\dimen185
\SOUL@syllwidth=\dimen186
\SOUL@charkern=\dimen187
\SOUL@hyphkern=\dimen188
\SOUL@dimen=\dimen189
\SOUL@dimeni=\dimen190
\SOUL@minus=\count303
\SOUL@comma=\count304
\SOUL@apo=\count305
\SOUL@grave=\count306
\SOUL@spaceskip=\skip65
\SOUL@ttwidth=\dimen191
\SOUL@uldp=\dimen192
\SOUL@ulht=\dimen193
)
(C:\Users\Usuario\AppData\Local\Programs\MiKTeX\tex/generic/infwarerr\infwarerr
.sty
Package: infwarerr 2019/12/03 v1.5 Providing info/warning/error messages (HO)
)
(C:\Users\Usuario\AppData\Local\Programs\MiKTeX\tex/generic/etexcmds\etexcmds.s
ty
Package: etexcmds 2019/12/15 v1.7 Avoid name clashes with e-TeX commands (HO)
))
(C:\Users\Usuario\AppData\Local\Programs\MiKTeX\tex/latex/bookmark\bookmark.sty
Package: bookmark 2023-12-10 v1.31 PDF bookmarks (HO)

(C:\Users\Usuario\AppData\Local\Programs\MiKTeX\tex/latex/hyperref\hyperref.sty
Package: hyperref 2024-11-05 v7.01l Hypertext links for LaTeX

(C:\Users\Usuario\AppData\Local\Programs\MiKTeX\tex/generic/kvdefinekeys\kvdefi
nekeys.sty
Package: kvdefinekeys 2019-12-19 v1.6 Define keys (HO)
)
(C:\Users\Usuario\AppData\Local\Programs\MiKTeX\tex/generic/pdfescape\pdfescape
.sty
Package: pdfescape 2019/12/09 v1.15 Implements pdfTeX's escape features (HO)

(C:\Users\Usuario\AppData\Local\Programs\MiKTeX\tex/generic/pdftexcmds\pdftexcm
ds.sty
Package: pdftexcmds 2020-06-27 v0.33 Utility functions of pdfTeX for LuaTeX (HO
)
Package pdftexcmds Info: \pdf@primitive is available.
Package pdftexcmds Info: \pdf@ifprimitive is available.
Package pdftexcmds Info: \pdfdraftmode found.
)) (C:\Users\Usuario\AppData\Local\Programs\MiKTeX\tex/latex/hycolor\hycolor.st
y
Package: hycolor 2020-01-27 v1.10 Color options for hyperref/bookmark (HO)
) (C:\Users\Usuario\AppData\Local\Programs\MiKTeX\tex/latex/hyperref\nameref.st
y
Package: nameref 2023-11-26 v2.56 Cross-referencing by name of section

(C:\Users\Usuario\AppData\Local\Programs\MiKTeX\tex/latex/refcount\refcount.sty
Package: refcount 2019/12/15 v3.6 Data extraction from label references (HO)
)
(C:\Users\Usuario\AppData\Local\Programs\MiKTeX\tex/generic/gettitlestring\gett
itlestring.sty
Package: gettitlestring 2019/12/15 v1.6 Cleanup title references (HO)
)
\c@section@level=\count307
)
(C:\Users\Usuario\AppData\Local\Programs\MiKTeX\tex/generic/stringenc\stringenc
.sty
Package: stringenc 2019/11/29 v1.12 Convert strings between diff. encodings (HO
)
)
\@linkdim=\dimen194
\Hy@linkcounter=\count308
\Hy@pagecounter=\count309
(C:\Users\Usuario\AppData\Local\Programs\MiKTeX\tex/latex/hyperref\pd1enc.def
File: pd1enc.def 2024-11-05 v7.01l Hyperref: PDFDocEncoding definition (HO)
Now handling font encoding PD1 ...
... no UTF-8 mapping file for font encoding PD1
)
(C:\Users\Usuario\AppData\Local\Programs\MiKTeX\tex/generic/intcalc\intcalc.sty
Package: intcalc 2019/12/15 v1.3 Expandable calculations with integers (HO)
)
\Hy@SavedSpaceFactor=\count310
(C:\Users\Usuario\AppData\Local\Programs\MiKTeX\tex/latex/hyperref\puenc.def
File: puenc.def 2024-11-05 v7.01l Hyperref: PDF Unicode definition (HO)
Now handling font encoding PU ...
... no UTF-8 mapping file for font encoding PU
)
Package hyperref Info: Option `unicode' set `true' on input line 4040.
Package hyperref Info: Hyper figures OFF on input line 4157.
Package hyperref Info: Link nesting OFF on input line 4162.
Package hyperref Info: Hyper index ON on input line 4165.
Package hyperref Info: Plain pages OFF on input line 4172.
Package hyperref Info: Backreferencing OFF on input line 4177.
Package hyperref Info: Implicit mode ON; LaTeX internals redefined.
Package hyperref Info: Bookmarks ON on input line 4424.
\c@Hy@tempcnt=\count311
(C:\Users\Usuario\AppData\Local\Programs\MiKTeX\tex/latex/url\url.sty
\Urlmuskip=\muskip18
Package: url 2013/09/16  ver 3.4  Verb mode for urls, etc.
)
LaTeX Info: Redefining \url on input line 4763.
\XeTeXLinkMargin=\dimen195
(C:\Users\Usuario\AppData\Local\Programs\MiKTeX\tex/generic/bitset\bitset.sty
Package: bitset 2019/12/09 v1.3 Handle bit-vector datatype (HO)

(C:\Users\Usuario\AppData\Local\Programs\MiKTeX\tex/generic/bigintcalc\bigintca
lc.sty
Package: bigintcalc 2019/12/15 v1.5 Expandable calculations on big integers (HO
)
))
\Fld@menulength=\count312
\Field@Width=\dimen196
\Fld@charsize=\dimen197
Package hyperref Info: Hyper figures OFF on input line 6042.
Package hyperref Info: Link nesting OFF on input line 6047.
Package hyperref Info: Hyper index ON on input line 6050.
Package hyperref Info: backreferencing OFF on input line 6057.
Package hyperref Info: Link coloring OFF on input line 6062.
Package hyperref Info: Link coloring with OCG OFF on input line 6067.
Package hyperref Info: PDF/A mode OFF on input line 6072.

(C:\Users\Usuario\AppData\Local\Programs\MiKTeX\tex/latex/base\atbegshi-ltx.sty
Package: atbegshi-ltx 2021/01/10 v1.0c Emulation of the original atbegshi
package with kernel methods
)
\Hy@abspage=\count313
\c@Item=\count314
\c@Hfootnote=\count315
)
Package hyperref Info: Driver (autodetected): hpdftex.
(C:\Users\Usuario\AppData\Local\Programs\MiKTeX\tex/latex/hyperref\hpdftex.def
File: hpdftex.def 2024-11-05 v7.01l Hyperref driver for pdfTeX

(C:\Users\Usuario\AppData\Local\Programs\MiKTeX\tex/latex/base\atveryend-ltx.st
y
Package: atveryend-ltx 2020/08/19 v1.0a Emulation of the original atveryend pac
kage
with kernel methods
)
\Fld@listcount=\count316
\c@bookmark@seq@number=\count317

(C:\Users\Usuario\AppData\Local\Programs\MiKTeX\tex/latex/rerunfilecheck\rerunf
ilecheck.sty
Package: rerunfilecheck 2022-07-10 v1.10 Rerun checks for auxiliary files (HO)

(C:\Users\Usuario\AppData\Local\Programs\MiKTeX\tex/generic/uniquecounter\uniqu
ecounter.sty
Package: uniquecounter 2019/12/15 v1.4 Provide unlimited unique counter (HO)
)
Package uniquecounter Info: New unique counter `rerunfilecheck' on input line 2
85.
)
\Hy@SectionHShift=\skip66
)
(C:\Users\Usuario\AppData\Local\Programs\MiKTeX\tex/latex/bookmark\bkm-pdftex.d
ef
File: bkm-pdftex.def 2023-12-10 v1.31 bookmark driver for pdfTeX and luaTeX (HO
)
\BKM@id=\count318
)) (C:\Users\Usuario\AppData\Local\Programs\MiKTeX\tex/latex/xurl\xurl.sty
Package: xurl 2022/01/09 v 0.10 modify URL breaks
)
LaTeX Font Info:    Trying to load font information for T1+lmr on input line 12
7.
(C:\Users\Usuario\AppData\Local\Programs\MiKTeX\tex/latex/lm\t1lmr.fd
File: t1lmr.fd 2015/05/01 v1.6.1 Font defs for Latin Modern
)
(C:\Users\Usuario\AppData\Local\Programs\MiKTeX\tex/latex/l3backend\l3backend-p
dftex.def
File: l3backend-pdftex.def 2024-05-08 L3 backend support: PDF output (pdfTeX)
\l__color_backend_stack_int=\count319
\l__pdf_internal_box=\box65
) (FundamentosInferenciaEstadistica.aux)
\openout1 = `FundamentosInferenciaEstadistica.aux'.

LaTeX Font Info:    Checking defaults for OML/cmm/m/it on input line 127.
LaTeX Font Info:    ... okay on input line 127.
LaTeX Font Info:    Checking defaults for OMS/cmsy/m/n on input line 127.
LaTeX Font Info:    ... okay on input line 127.
LaTeX Font Info:    Checking defaults for OT1/cmr/m/n on input line 127.
LaTeX Font Info:    ... okay on input line 127.
LaTeX Font Info:    Checking defaults for T1/cmr/m/n on input line 127.
LaTeX Font Info:    ... okay on input line 127.
LaTeX Font Info:    Checking defaults for TS1/cmr/m/n on input line 127.
LaTeX Font Info:    ... okay on input line 127.
LaTeX Font Info:    Checking defaults for OMX/cmex/m/n on input line 127.
LaTeX Font Info:    ... okay on input line 127.
LaTeX Font Info:    Checking defaults for U/cmr/m/n on input line 127.
LaTeX Font Info:    ... okay on input line 127.
LaTeX Font Info:    Checking defaults for PD1/pdf/m/n on input line 127.
LaTeX Font Info:    ... okay on input line 127.
LaTeX Font Info:    Checking defaults for PU/pdf/m/n on input line 127.
LaTeX Font Info:    ... okay on input line 127.

(C:\Users\Usuario\AppData\Local\Programs\MiKTeX\tex/context/base/mkii\supp-pdf.
mkii
[Loading MPS to PDF converter (version 2006.09.02).]
\scratchcounter=\count320
\scratchdimen=\dimen198
\scratchbox=\box66
\nofMPsegments=\count321
\nofMParguments=\count322
\everyMPshowfont=\toks37
\MPscratchCnt=\count323
\MPscratchDim=\dimen199
\MPnumerator=\count324
\makeMPintoPDFobject=\count325
\everyMPtoPDFconversion=\toks38
)
(C:\Users\Usuario\AppData\Local\Programs\MiKTeX\tex/latex/epstopdf-pkg\epstopdf
-base.sty
Package: epstopdf-base 2020-01-24 v2.11 Base part for package epstopdf
Package epstopdf-base Info: Redefining graphics rule for `.eps' on input line 4
85.

(C:\Users\Usuario\AppData\Local\Programs\MiKTeX\tex/latex/00miktex\epstopdf-sys
.cfg
File: epstopdf-sys.cfg 2021/03/18 v2.0 Configuration of epstopdf for MiKTeX
))
*geometry* driver: auto-detecting
*geometry* detected driver: pdftex
*geometry* verbose mode - [ preamble ] result:
* driver: pdftex
* paper: <default>
* layout: <same size as paper>
* layoutoffset:(h,v)=(0.0pt,0.0pt)
* modes: 
* h-part:(L,W,R)=(72.26999pt, 469.75502pt, 72.26999pt)
* v-part:(T,H,B)=(72.26999pt, 650.43001pt, 72.26999pt)
* \paperwidth=614.295pt
* \paperheight=794.96999pt
* \textwidth=469.75502pt
* \textheight=650.43001pt
* \oddsidemargin=0.0pt
* \evensidemargin=0.0pt
* \topmargin=-37.0pt
* \headheight=12.0pt
* \headsep=25.0pt
* \topskip=10.0pt
* \footskip=30.0pt
* \marginparwidth=65.0pt
* \marginparsep=11.0pt
* \columnsep=10.0pt
* \skip\footins=9.0pt plus 4.0pt minus 2.0pt
* \hoffset=0.0pt
* \voffset=0.0pt
* \mag=1000
* \@twocolumnfalse
* \@twosidefalse
* \@mparswitchfalse
* \@reversemarginfalse
* (1in=72.27pt=25.4mm, 1cm=28.453pt)

LaTeX Info: Redefining \microtypecontext on input line 127.
Package microtype Info: Applying patch `item' on input line 127.
Package microtype Info: Applying patch `toc' on input line 127.
Package microtype Info: Applying patch `eqnum' on input line 127.
Package microtype Info: Applying patch `footnote' on input line 127.
Package microtype Info: Applying patch `verbatim' on input line 127.
LaTeX Info: Redefining \microtypesetup on input line 127.
Package microtype Info: Generating PDF output.
Package microtype Info: Character protrusion enabled (level 2).
Package microtype Info: Using protrusion set `basicmath'.
Package microtype Info: Automatic font expansion enabled (level 2),
(microtype)             stretch: 20, shrink: 20, step: 1, non-selected.
Package microtype Info: Using default expansion set `alltext-nott'.
LaTeX Info: Redefining \showhyphens on input line 127.
Package microtype Info: No adjustment of tracking.
Package microtype Info: No adjustment of interword spacing.
Package microtype Info: No adjustment of character kerning.
(C:\Users\Usuario\AppData\Local\Programs\MiKTeX\tex/latex/microtype\mt-cmr.cfg
File: mt-cmr.cfg 2013/05/19 v2.2 microtype config. file: Computer Modern Roman 
(RS)
)
Package hyperref Info: Link coloring OFF on input line 127.
LaTeX Font Info:    Trying to load font information for OT1+lmr on input line 1
29.
(C:\Users\Usuario\AppData\Local\Programs\MiKTeX\tex/latex/lm\ot1lmr.fd
File: ot1lmr.fd 2015/05/01 v1.6.1 Font defs for Latin Modern
)
LaTeX Font Info:    Trying to load font information for OML+lmm on input line 1
29.
(C:\Users\Usuario\AppData\Local\Programs\MiKTeX\tex/latex/lm\omllmm.fd
File: omllmm.fd 2015/05/01 v1.6.1 Font defs for Latin Modern
)
LaTeX Font Info:    Trying to load font information for OMS+lmsy on input line 
129.
(C:\Users\Usuario\AppData\Local\Programs\MiKTeX\tex/latex/lm\omslmsy.fd
File: omslmsy.fd 2015/05/01 v1.6.1 Font defs for Latin Modern
)
LaTeX Font Info:    Trying to load font information for OMX+lmex on input line 
129.
(C:\Users\Usuario\AppData\Local\Programs\MiKTeX\tex/latex/lm\omxlmex.fd
File: omxlmex.fd 2015/05/01 v1.6.1 Font defs for Latin Modern
)
LaTeX Font Info:    External font `lmex10' loaded for size
(Font)              <12> on input line 129.
LaTeX Font Info:    External font `lmex10' loaded for size
(Font)              <8> on input line 129.
LaTeX Font Info:    External font `lmex10' loaded for size
(Font)              <6> on input line 129.
LaTeX Font Info:    Trying to load font information for U+msa on input line 129
.
(C:\Users\Usuario\AppData\Local\Programs\MiKTeX\tex/latex/amsfonts\umsa.fd
File: umsa.fd 2013/01/14 v3.01 AMS symbols A
) (C:\Users\Usuario\AppData\Local\Programs\MiKTeX\tex/latex/microtype\mt-msa.cf
g
File: mt-msa.cfg 2006/02/04 v1.1 microtype config. file: AMS symbols (a) (RS)
)
LaTeX Font Info:    Trying to load font information for U+msb on input line 129
.
(C:\Users\Usuario\AppData\Local\Programs\MiKTeX\tex/latex/amsfonts\umsb.fd
File: umsb.fd 2013/01/14 v3.01 AMS symbols B
) (C:\Users\Usuario\AppData\Local\Programs\MiKTeX\tex/latex/microtype\mt-msb.cf
g
File: mt-msb.cfg 2005/06/01 v1.0 microtype config. file: AMS symbols (b) (RS)
) (FundamentosInferenciaEstadistica.toc
LaTeX Font Info:    External font `lmex10' loaded for size
(Font)              <10> on input line 2.
LaTeX Font Info:    External font `lmex10' loaded for size
(Font)              <7> on input line 2.
LaTeX Font Info:    External font `lmex10' loaded for size
(Font)              <5> on input line 2.


[1

{C:/Users/Usuario/AppData/Local/MiKTeX/fonts/map/pdftex/pdftex.map}{C:/Users/Us
uario/AppData/Local/Programs/MiKTeX/fonts/enc/dvips/lm/lm-ec.enc}{C:/Users/Usua
rio/AppData/Local/Programs/MiKTeX/fonts/enc/dvips/lm/lm-mathit.enc}]

[2]

[3])
\tf@toc=\write4
\openout4 = `FundamentosInferenciaEstadistica.toc'.

LaTeX Font Info:    Trying to load font information for TS1+lmr on input line 1
47.
(C:\Users\Usuario\AppData\Local\Programs\MiKTeX\tex/latex/lm\ts1lmr.fd
File: ts1lmr.fd 2015/05/01 v1.6.1 Font defs for Latin Modern
)

[4{C:/Users/Usuario/AppData/Local/Programs/MiKTeX/fonts/enc/dvips/lm/lm-rm.enc}
{C:/Users/Usuario/AppData/Local/Programs/MiKTeX/fonts/enc/dvips/lm/lm-ts1.enc}]


[5]

[6]

[7{C:/Users/Usuario/AppData/Local/Programs/MiKTeX/fonts/enc/dvips/lm/lm-mathsy.
enc}]

[8{C:/Users/Usuario/AppData/Local/Programs/MiKTeX/fonts/enc/dvips/lm/lm-mathex.
enc}]

[9]

[10]

[11]

[12]

[13]

[14]

[15]

[16]

[17]

[18]

[19]
<images/cdfContinua.png, id=470, 444.91219pt x 277.035pt>
File: images/cdfContinua.png Graphic file (type png)
<use images/cdfContinua.png>
Package pdftex.def Info: images/cdfContinua.png  used on input line 1289.
(pdftex.def)             Requested size: 422.77664pt x 263.25362pt.
<images/cdfDiscreta.png, id=472, 441.14813pt x 274.02374pt>
File: images/cdfDiscreta.png Graphic file (type png)
<use images/cdfDiscreta.png>
Package pdftex.def Info: images/cdfDiscreta.png  used on input line 1293.
(pdftex.def)             Requested size: 422.77664pt x 262.62495pt.


[20 <./images/cdfContinua.png> <./images/cdfDiscreta.png>]

[21]

[22]

[23]

[24]

[25]
<images/probsDNormal.png, id=518, 440.39531pt x 832.61063pt>
File: images/probsDNormal.png Graphic file (type png)
<use images/probsDNormal.png>
Package pdftex.def Info: images/probsDNormal.png  used on input line 1738.
(pdftex.def)             Requested size: 375.80544pt x 710.5174pt.


[26]
Overfull \vbox (60.08739pt too high) has occurred while \output is active []



[27 <./images/probsDNormal.png>]

[28]

[29]

[30]
<images/clipboard-1434716414.png, id=552, 458.46281pt x 79.04532pt>
File: images/clipboard-1434716414.png Graphic file (type png)
<use images/clipboard-1434716414.png>
Package pdftex.def Info: images/clipboard-1434716414.png  used on input line 20
69.
(pdftex.def)             Requested size: 458.46169pt x 79.0451pt.


[31 <./images/clipboard-1434716414.png>]
<images/clipboard-2572516778.png, id=560, 459.96844pt x 193.47281pt>
File: images/clipboard-2572516778.png Graphic file (type png)
<use images/clipboard-2572516778.png>
Package pdftex.def Info: images/clipboard-2572516778.png  used on input line 21
07.
(pdftex.def)             Requested size: 459.96732pt x 193.47234pt.
<images/clipboard-3898377838.png, id=561, 542.025pt x 222.07968pt>
File: images/clipboard-3898377838.png Graphic file (type png)
<use images/clipboard-3898377838.png>
Package pdftex.def Info: images/clipboard-3898377838.png  used on input line 21
29.
(pdftex.def)             Requested size: 542.02367pt x 222.07913pt.


[32 <./images/clipboard-2572516778.png>]
<images/clipboard-1018442669.png, id=569, 545.03625pt x 186.6975pt>
File: images/clipboard-1018442669.png Graphic file (type png)
<use images/clipboard-1018442669.png>
Package pdftex.def Info: images/clipboard-1018442669.png  used on input line 21
44.
(pdftex.def)             Requested size: 545.03493pt x 186.69704pt.
<images/clipboard-2353777197.png, id=570, 539.76656pt x 184.43906pt>
File: images/clipboard-2353777197.png Graphic file (type png)
<use images/clipboard-2353777197.png>
Package pdftex.def Info: images/clipboard-2353777197.png  used on input line 21
72.
(pdftex.def)             Requested size: 539.76524pt x 184.4386pt.


[33 <./images/clipboard-3898377838.png> <./images/clipboard-1018442669.png>]
<images/clipboard-1894572766.png, id=579, 536.0025pt x 334.24875pt>
File: images/clipboard-1894572766.png Graphic file (type png)
<use images/clipboard-1894572766.png>
Package pdftex.def Info: images/clipboard-1894572766.png  used on input line 21
90.
(pdftex.def)             Requested size: 422.77664pt x 263.64049pt.


[34 <./images/clipboard-2353777197.png>]
<images/clipboard-2707476680.png, id=585, 540.51938pt x 182.93344pt>
File: images/clipboard-2707476680.png Graphic file (type png)
<use images/clipboard-2707476680.png>
Package pdftex.def Info: images/clipboard-2707476680.png  used on input line 22
27.
(pdftex.def)             Requested size: 540.51805pt x 182.93298pt.


[35 <./images/clipboard-1894572766.png>]
<images/fmp2Dados.png, id=593, 819.06pt x 515.67656pt>
File: images/fmp2Dados.png Graphic file (type png)
<use images/fmp2Dados.png>
Package pdftex.def Info: images/fmp2Dados.png  used on input line 2244.
(pdftex.def)             Requested size: 375.80544pt x 236.60822pt.


[36 <./images/clipboard-2707476680.png>]

[37 <./images/fmp2Dados.png>]

[38]

[39]

[40]

[41]
<images/fmpBernouilli.png, id=628, 370.38374pt x 274.77657pt>
File: images/fmpBernouilli.png Graphic file (type png)
<use images/fmpBernouilli.png>
Package pdftex.def Info: images/fmpBernouilli.png  used on input line 2559.
(pdftex.def)             Requested size: 375.80544pt x 278.8009pt.
<images/cdfBernouilli.png, id=629, 381.67593pt x 241.65282pt>
File: images/cdfBernouilli.png Graphic file (type png)
<use images/cdfBernouilli.png>
Package pdftex.def Info: images/cdfBernouilli.png  used on input line 2573.
(pdftex.def)             Requested size: 375.80544pt x 237.94646pt.


[42 <./images/fmpBernouilli.png>]

[43 <./images/cdfBernouilli.png>]

[44]

[45]

[46]
<images/pmfUnifDiscreta.png, id=672, 351.56343pt x 249.18094pt>
File: images/pmfUnifDiscreta.png Graphic file (type png)
<use images/pmfUnifDiscreta.png>
Package pdftex.def Info: images/pmfUnifDiscreta.png  used on input line 2907.
(pdftex.def)             Requested size: 375.80544pt x 266.3624pt.


[47]
<images/cdfUnifDiscreta.png, id=683, 362.10281pt x 250.68657pt>
File: images/cdfUnifDiscreta.png Graphic file (type png)
<use images/cdfUnifDiscreta.png>
Package pdftex.def Info: images/cdfUnifDiscreta.png  used on input line 2909.
(pdftex.def)             Requested size: 375.80544pt x 260.17616pt.


[48 <./images/pmfUnifDiscreta.png> <./images/cdfUnifDiscreta.png>]

[49]

[50]
Overfull \hbox (12.74033pt too wide) in paragraph at lines 3108--3108
 []|$[]\OML/lmm/m/it/10 p[]p[] [] p[]$ 
 []


Overfull \hbox (2.47713pt too wide) in paragraph at lines 3109--3110
 []|$[]$| 
 []

<images/pdfUnifContinua.png, id=716, 416.30531pt x 237.13594pt>
File: images/pdfUnifContinua.png Graphic file (type png)
<use images/pdfUnifContinua.png>
Package pdftex.def Info: images/pdfUnifContinua.png  used on input line 3132.
(pdftex.def)             Requested size: 375.80544pt x 214.07529pt.


[51]
<images/cdfUnifContinua.png, id=726, 400.49625pt x 240.9pt>
File: images/cdfUnifContinua.png Graphic file (type png)
<use images/cdfUnifContinua.png>
Package pdftex.def Info: images/cdfUnifContinua.png  used on input line 3148.
(pdftex.def)             Requested size: 375.80544pt x 226.06006pt.


[52 <./images/pdfUnifContinua.png> <./images/cdfUnifContinua.png>]

[53]

[54]

[55]

[56]
Overfull \hbox (6.34076pt too wide) in paragraph at lines 3443--3443
 []|$[] [] []$ 
 []



[57]

[58]

[59]

[60]

[61]

[62]
LaTeX Font Info:    Trying to load font information for T1+lmtt on input line 3
776.
(C:\Users\Usuario\AppData\Local\Programs\MiKTeX\tex/latex/lm\t1lmtt.fd
File: t1lmtt.fd 2015/05/01 v1.6.1 Font defs for Latin Modern
)
LaTeX Font Info:    Font shape `T1/lmtt/bx/n' in size <10> not available
(Font)              Font shape `T1/lmtt/b/n' tried instead on input line 3777.
<images/distribucion_conjunta.png, id=831, 433.62pt x 289.08pt>
File: images/distribucion_conjunta.png Graphic file (type png)
<use images/distribucion_conjunta.png>
Package pdftex.def Info: images/distribucion_conjunta.png  used on input line 3
804.
(pdftex.def)             Requested size: 375.80544pt x 250.5492pt.


[63 <./images/distribucion_conjunta.png>]

[64]
Overfull \hbox (99.03635pt too wide) detected at line 3915
\OML/lmm/m/it/10 P\OT1/lmr/m/n/10 (\OML/lmm/m/it/10 X < \OT1/lmr/m/n/10 3\OML/l
mm/m/it/10 ; Y < \OT1/lmr/m/n/10 2) = \OML/lmm/m/it/10 P\OT1/lmr/m/n/10 (\OML/l
mm/m/it/10 X \OT1/lmr/m/n/10 = 0\OML/lmm/m/it/10 ; Y \OT1/lmr/m/n/10 = 0) + \OM
L/lmm/m/it/10 P\OT1/lmr/m/n/10 (\OML/lmm/m/it/10 X \OT1/lmr/m/n/10 = 0\OML/lmm/
m/it/10 ; Y \OT1/lmr/m/n/10 = 1) + \OML/lmm/m/it/10 P\OT1/lmr/m/n/10 (\OML/lmm/
m/it/10 X \OT1/lmr/m/n/10 = 1\OML/lmm/m/it/10 ; Y \OT1/lmr/m/n/10 = 0) + \OML/l
mm/m/it/10 P\OT1/lmr/m/n/10 (\OML/lmm/m/it/10 X \OT1/lmr/m/n/10 = 1\OML/lmm/m/i
t/10 ; Y \OT1/lmr/m/n/10 = 1) + \OML/lmm/m/it/10 P\OT1/lmr/m/n/10 (\OML/lmm/m/i
t/10 X \OT1/lmr/m/n/10 = 2\OML/lmm/m/it/10 ; Y \OT1/lmr/m/n/10 = 0) + \OML/lmm/
m/it/10 P\OT1/lmr/m/n/10 (\OML/lmm/m/it/10 X \OT1/lmr/m/n/10 = 2\OML/lmm/m/it/1
0 ; Y \OT1/lmr/m/n/10 = 1)
 []



[65]

[66]
<images/pmfTrinomial.png, id=861, 481.8pt x 481.8pt>
File: images/pmfTrinomial.png Graphic file (type png)
<use images/pmfTrinomial.png>
Package pdftex.def Info: images/pmfTrinomial.png  used on input line 4040.
(pdftex.def)             Requested size: 422.77664pt x 422.78697pt.


[67]

[68 <./images/pmfTrinomial.png>]

[69]

[70]

[71]

[72]
Overfull \hbox (0.60146pt too wide) detected at line 4395
\OML/lmm/m/it/10 f[]\OT1/lmr/m/n/10 (\OML/lmm/m/it/10 x; y\OT1/lmr/m/n/10 ) = [
] [] []
 []



[73]

[74]

[75]

[76]

[77]

[78]

[79]
<images/LLN1.png, id=954, 481.8pt x 481.8pt>
File: images/LLN1.png Graphic file (type png)
<use images/LLN1.png>
Package pdftex.def Info: images/LLN1.png  used on input line 4842.
(pdftex.def)             Requested size: 422.77664pt x 422.78697pt.


[80]

[81 <./images/LLN1.png>]

[82]

[83]
<FundamentosInferenciaEstadistica_files/figure-latex/unnamed-chunk-15-1.pdf, id
=985, 469.755pt x 325.215pt>
File: FundamentosInferenciaEstadistica_files/figure-latex/unnamed-chunk-15-1.pd
f Graphic file (type pdf)
<use FundamentosInferenciaEstadistica_files/figure-latex/unnamed-chunk-15-1.pdf
>
Package pdftex.def Info: FundamentosInferenciaEstadistica_files/figure-latex/un
named-chunk-15-1.pdf  used on input line 4982.
(pdftex.def)             Requested size: 469.75386pt x 325.2142pt.

Overfull \hbox (236.23465pt too wide) in paragraph at lines 4982--4983
 \T1/lmr/bx/n/10 (-20) 5.3.4.1 Nor-mal-i-dad as-in-tótica de la Bi-no-mial.[] [
] 
 []



[84 <./FundamentosInferenciaEstadistica_files/figure-latex/unnamed-chunk-15-1.p
df>]
<FundamentosInferenciaEstadistica_files/figure-latex/unnamed-chunk-16-1.pdf, id
=1000, 469.755pt x 325.215pt>
File: FundamentosInferenciaEstadistica_files/figure-latex/unnamed-chunk-16-1.pd
f Graphic file (type pdf)
<use FundamentosInferenciaEstadistica_files/figure-latex/unnamed-chunk-16-1.pdf
>
Package pdftex.def Info: FundamentosInferenciaEstadistica_files/figure-latex/un
named-chunk-16-1.pdf  used on input line 5018.
(pdftex.def)             Requested size: 469.75386pt x 325.2142pt.

Overfull \hbox (350.52776pt too wide) in paragraph at lines 5018--5019
 \T1/lmr/bx/n/10 (-20) 5.3.4.2 Nor-mal-i-dad as-in-tótica de la suma de pun-tua
-ciones de un dado[] [] 
 []



[85 <./FundamentosInferenciaEstadistica_files/figure-latex/unnamed-chunk-16-1.p
df>]
<images/simPoisson_1_11.png, id=1019, 1543.26563pt x 819.06pt>
File: images/simPoisson_1_11.png Graphic file (type png)
<use images/simPoisson_1_11.png>
Package pdftex.def Info: images/simPoisson_1_11.png  used on input line 5058.
(pdftex.def)             Requested size: 469.75502pt x 249.30676pt.


[86 <./images/simPoisson_1_11.png>]
<images/pesosVaronesCat.jpg, id=1029, 540.0175pt x 533.995pt>
File: images/pesosVaronesCat.jpg Graphic file (type jpg)
<use images/pesosVaronesCat.jpg>
Package pdftex.def Info: images/pesosVaronesCat.jpg  used on input line 5072.
(pdftex.def)             Requested size: 469.75502pt x 464.52301pt.


[87 <./images/pesosVaronesCat.jpg>]

[88]
<FundamentosInferenciaEstadistica_files/figure-latex/unnamed-chunk-19-1.pdf, id
=1042, 469.755pt x 325.215pt>
File: FundamentosInferenciaEstadistica_files/figure-latex/unnamed-chunk-19-1.pd
f Graphic file (type pdf)
<use FundamentosInferenciaEstadistica_files/figure-latex/unnamed-chunk-19-1.pdf
>
Package pdftex.def Info: FundamentosInferenciaEstadistica_files/figure-latex/un
named-chunk-19-1.pdf  used on input line 5198.
(pdftex.def)             Requested size: 469.75386pt x 325.2142pt.


[89]

[90 <./FundamentosInferenciaEstadistica_files/figure-latex/unnamed-chunk-19-1.p
df>]

[91]
<FundamentosInferenciaEstadistica_files/figure-latex/unnamed-chunk-20-1.pdf, id
=1070, 469.755pt x 325.215pt>
File: FundamentosInferenciaEstadistica_files/figure-latex/unnamed-chunk-20-1.pd
f Graphic file (type pdf)
<use FundamentosInferenciaEstadistica_files/figure-latex/unnamed-chunk-20-1.pdf
>
Package pdftex.def Info: FundamentosInferenciaEstadistica_files/figure-latex/un
named-chunk-20-1.pdf  used on input line 5381.
(pdftex.def)             Requested size: 469.75386pt x 325.2142pt.


[92]

[93 <./FundamentosInferenciaEstadistica_files/figure-latex/unnamed-chunk-20-1.p
df>]
<FundamentosInferenciaEstadistica_files/figure-latex/unnamed-chunk-21-1.pdf, id
=1088, 469.755pt x 325.215pt>
File: FundamentosInferenciaEstadistica_files/figure-latex/unnamed-chunk-21-1.pd
f Graphic file (type pdf)
<use FundamentosInferenciaEstadistica_files/figure-latex/unnamed-chunk-21-1.pdf
>
Package pdftex.def Info: FundamentosInferenciaEstadistica_files/figure-latex/un
named-chunk-21-1.pdf  used on input line 5467.
(pdftex.def)             Requested size: 469.75386pt x 325.2142pt.


[94]

[95 <./FundamentosInferenciaEstadistica_files/figure-latex/unnamed-chunk-21-1.p
df>]
<FundamentosInferenciaEstadistica_files/figure-latex/unnamed-chunk-22-1.pdf, id
=1105, 469.755pt x 325.215pt>
File: FundamentosInferenciaEstadistica_files/figure-latex/unnamed-chunk-22-1.pd
f Graphic file (type pdf)
<use FundamentosInferenciaEstadistica_files/figure-latex/unnamed-chunk-22-1.pdf
>
Package pdftex.def Info: FundamentosInferenciaEstadistica_files/figure-latex/un
named-chunk-22-1.pdf  used on input line 5513.
(pdftex.def)             Requested size: 469.75386pt x 325.2142pt.


[96 <./FundamentosInferenciaEstadistica_files/figure-latex/unnamed-chunk-22-1.p
df>]

[97]

[98]

[99]

[100]

[101]

[102]

[103]

[104]

[105]

[106]

[107]

[108]

[109]

[110]

[111]

[112]

[113]

[114]

[115]

[116]

[117]

[118]

[119]

[120]

[121]

[122]

[123]

[124]

[125]

[126]
<images/dNormalQuantil975.png, id=1305, 654.19406pt x 584.1825pt>
File: images/dNormalQuantil975.png Graphic file (type png)
<use images/dNormalQuantil975.png>
Package pdftex.def Info: images/dNormalQuantil975.png  used on input line 7427.

(pdftex.def)             Requested size: 422.77664pt x 377.53021pt.


[127]

[128 <./images/dNormalQuantil975.png>]
<images/simulaIC.png, id=1320, 1025.33063pt x 531.48563pt>
File: images/simulaIC.png Graphic file (type png)
<use images/simulaIC.png>
Package pdftex.def Info: images/simulaIC.png  used on input line 7451.
(pdftex.def)             Requested size: 422.77664pt x 219.15132pt.


[129 <./images/simulaIC.png>]

[130]

[131]

[132]

[133]

[134]

[135]

[136]

[137]

[138]

[139]

[140]

[141]
<images/interpretacionGeometrica.png, id=1407, 795.72281pt x 603.0028pt>
File: images/interpretacionGeometrica.png Graphic file (type png)
<use images/interpretacionGeometrica.png>
Package pdftex.def Info: images/interpretacionGeometrica.png  used on input lin
e 8270.
(pdftex.def)             Requested size: 375.80544pt x 284.78232pt.


[142]
<images/freqVsprop.png, id=1413, 790.45313pt x 596.98032pt>
File: images/freqVsprop.png Graphic file (type png)
<use images/freqVsprop.png>
Package pdftex.def Info: images/freqVsprop.png  used on input line 8282.
(pdftex.def)             Requested size: 375.80544pt x 283.82365pt.


[143 <./images/interpretacionGeometrica.png>]

[144 <./images/freqVsprop.png>]

[145]

[146]
Underfull \hbox (badness 10000) in paragraph at lines 8432--8434

 []


Underfull \hbox (badness 10000) in paragraph at lines 8434--8436

 []


Underfull \hbox (badness 10000) in paragraph at lines 8436--8438

 []


Underfull \hbox (badness 10000) in paragraph at lines 8438--8440

 []



[147]

[148]

[149]

[150]

[151]

[152]

[153]

[154]
Underfull \hbox (badness 10000) in paragraph at lines 8889--8891

 []



[155]
Underfull \hbox (badness 10000) in paragraph at lines 8907--8909

 []



[156]
Underfull \hbox (badness 10000) in paragraph at lines 9006--9008

 []



[157]

[158]
Underfull \hbox (badness 10000) in paragraph at lines 9110--9112

 []



[159]

[160]
<images/cap9-ProbsErrTipo2b.png, id=1540, 618.05907pt x 172.39406pt>
File: images/cap9-ProbsErrTipo2b.png Graphic file (type png)
<use images/cap9-ProbsErrTipo2b.png>
Package pdftex.def Info: images/cap9-ProbsErrTipo2b.png  used on input line 922
1.
(pdftex.def)             Requested size: 422.77664pt x 117.92874pt.
<images/cap9-PlotProbsErrTipo2b.png, id=1541, 367.3725pt x 260.47313pt>
File: images/cap9-PlotProbsErrTipo2b.png Graphic file (type png)
<use images/cap9-PlotProbsErrTipo2b.png>
Package pdftex.def Info: images/cap9-PlotProbsErrTipo2b.png  used on input line
 9225.
(pdftex.def)             Requested size: 422.77664pt x 299.77626pt.
<images/cap9-PlotProbsErrTipo_1_y_2.png, id=1542, 706.89093pt x 609.77812pt>
File: images/cap9-PlotProbsErrTipo_1_y_2.png Graphic file (type png)
<use images/cap9-PlotProbsErrTipo_1_y_2.png>
Package pdftex.def Info: images/cap9-PlotProbsErrTipo_1_y_2.png  used on input 
line 9231.
(pdftex.def)             Requested size: 422.77664pt x 364.69733pt.


[161 <./images/cap9-ProbsErrTipo2b.png> <./images/cap9-PlotProbsErrTipo2b.png>]
<images/cap9-PlotProbsErrTipo_1_y_2b.png, id=1553, 420.06938pt x 286.06876pt>
File: images/cap9-PlotProbsErrTipo_1_y_2b.png Graphic file (type png)
<use images/cap9-PlotProbsErrTipo_1_y_2b.png>
Package pdftex.def Info: images/cap9-PlotProbsErrTipo_1_y_2b.png  used on input
 line 9250.
(pdftex.def)             Requested size: 422.77664pt x 287.91446pt.


[162 <./images/cap9-PlotProbsErrTipo_1_y_2.png>]
<images/cap9-ProbsTestOptim.png, id=1559, 400.49625pt x 242.40562pt>
File: images/cap9-ProbsTestOptim.png Graphic file (type png)
<use images/cap9-ProbsTestOptim.png>
Package pdftex.def Info: images/cap9-ProbsTestOptim.png  used on input line 927
6.
(pdftex.def)             Requested size: 422.77664pt x 255.90565pt.


[163 <./images/cap9-PlotProbsErrTipo_1_y_2b.png>]
<images/cap9-PlotProbsTestOptim.png, id=1567, 701.62125pt x 305.64188pt>
File: images/cap9-PlotProbsTestOptim.png Graphic file (type png)
<use images/cap9-PlotProbsTestOptim.png>
Package pdftex.def Info: images/cap9-PlotProbsTestOptim.png  used on input line
 9296.
(pdftex.def)             Requested size: 422.77664pt x 184.1747pt.


[164 <./images/cap9-ProbsTestOptim.png> <./images/cap9-PlotProbsTestOptim.png>]
<images/cap9-SampleSizeEffect-1.png, id=1575, 408.77719pt x 138.5175pt>
File: images/cap9-SampleSizeEffect-1.png Graphic file (type png)
<use images/cap9-SampleSizeEffect-1.png>
Package pdftex.def Info: images/cap9-SampleSizeEffect-1.png  used on input line
 9324.
(pdftex.def)             Requested size: 422.77664pt x 143.26852pt.
<images/cap9-SampleSizeEffect-2.png, id=1576, 407.27156pt x 192.72pt>
File: images/cap9-SampleSizeEffect-2.png Graphic file (type png)
<use images/cap9-SampleSizeEffect-2.png>
Package pdftex.def Info: images/cap9-SampleSizeEffect-2.png  used on input line
 9330.
(pdftex.def)             Requested size: 422.77664pt x 200.06529pt.


[165 <./images/cap9-SampleSizeEffect-1.png>]
<images/cap9-SampleSizeEffect-3.png, id=1584, 412.54124pt x 284.56313pt>
File: images/cap9-SampleSizeEffect-3.png Graphic file (type png)
<use images/cap9-SampleSizeEffect-3.png>
Package pdftex.def Info: images/cap9-SampleSizeEffect-3.png  used on input line
 9334.
(pdftex.def)             Requested size: 422.77664pt x 291.62698pt.


[166 <./images/cap9-SampleSizeEffect-2.png> <./images/cap9-SampleSizeEffect-3.p
ng>]
<images/cap9-RCSimpleVsComposta.png, id=1591, 405.76593pt x 254.45062pt>
File: images/cap9-RCSimpleVsComposta.png Graphic file (type png)
<use images/cap9-RCSimpleVsComposta.png>
Package pdftex.def Info: images/cap9-RCSimpleVsComposta.png  used on input line
 9389.
(pdftex.def)             Requested size: 422.77664pt x 265.12714pt.


[167 <./images/cap9-RCSimpleVsComposta.png>]
<images/cap9-RCHipotesisComposta.png, id=1599, 406.51875pt x 327.47343pt>
File: images/cap9-RCHipotesisComposta.png Graphic file (type png)
<use images/cap9-RCHipotesisComposta.png>
Package pdftex.def Info: images/cap9-RCHipotesisComposta.png  used on input lin
e 9425.
(pdftex.def)             Requested size: 422.77664pt x 340.58434pt.


[168]

[169 <./images/cap9-RCHipotesisComposta.png>]
<images/cap9-comparaProbs.png, id=1611, 447.92343pt x 242.40562pt>
File: images/cap9-comparaProbs.png Graphic file (type png)
<use images/cap9-comparaProbs.png>
Package pdftex.def Info: images/cap9-comparaProbs.png  used on input line 9479.

(pdftex.def)             Requested size: 422.77664pt x 228.80449pt.
<images/cap9-FuncPotencia1.png, id=1612, 416.30531pt x 545.78906pt>
File: images/cap9-FuncPotencia1.png Graphic file (type png)
<use images/cap9-FuncPotencia1.png>
Package pdftex.def Info: images/cap9-FuncPotencia1.png  used on input line 9483
.
(pdftex.def)             Requested size: 281.85587pt x 369.54099pt.


[170 <./images/cap9-comparaProbs.png>]
<images/cap9-FuncPotencia2.png, id=1619, 466.74374pt x 405.01312pt>
File: images/cap9-FuncPotencia2.png Graphic file (type png)
<use images/cap9-FuncPotencia2.png>
Package pdftex.def Info: images/cap9-FuncPotencia2.png  used on input line 9502
.
(pdftex.def)             Requested size: 281.85587pt x 244.58563pt.


[171 <./images/cap9-FuncPotencia1.png>]
<images/cap9-FuncPotencia3.png, id=1626, 469.00218pt x 339.51843pt>
File: images/cap9-FuncPotencia3.png Graphic file (type png)
<use images/cap9-FuncPotencia3.png>
Package pdftex.def Info: images/cap9-FuncPotencia3.png  used on input line 9507
.
(pdftex.def)             Requested size: 281.85587pt x 204.039pt.


[172 <./images/cap9-FuncPotencia2.png> <./images/cap9-FuncPotencia3.png>]
File: images/cap9-comparaProbs.png Graphic file (type png)
<use images/cap9-comparaProbs.png>
Package pdftex.def Info: images/cap9-comparaProbs.png  used on input line 9575.

(pdftex.def)             Requested size: 422.77664pt x 228.80449pt.


[173]
<images/cap9-RCHipotesisComposta2.png, id=1639, 412.54124pt x 339.51843pt>
File: images/cap9-RCHipotesisComposta2.png Graphic file (type png)
<use images/cap9-RCHipotesisComposta2.png>
Package pdftex.def Info: images/cap9-RCHipotesisComposta2.png  used on input li
ne 9596.
(pdftex.def)             Requested size: 422.77664pt x 347.94647pt.


[174]
<images/cap9-PotenciaHipotesisComposta.png, id=1645, 412.54124pt x 339.51843pt>

File: images/cap9-PotenciaHipotesisComposta.png Graphic file (type png)
<use images/cap9-PotenciaHipotesisComposta.png>
Package pdftex.def Info: images/cap9-PotenciaHipotesisComposta.png  used on inp
ut line 9606.
(pdftex.def)             Requested size: 422.77664pt x 347.94647pt.


[175 <./images/cap9-RCHipotesisComposta2.png>]

[176 <./images/cap9-PotenciaHipotesisComposta.png>]
File: images/cap9-comparaProbs.png Graphic file (type png)
<use images/cap9-comparaProbs.png>
Package pdftex.def Info: images/cap9-comparaProbs.png  used on input line 9658.

(pdftex.def)             Requested size: 422.77664pt x 228.80449pt.


[177]

[178]
<images/cap9-CalculPvalorUnilateral.png, id=1670, 408.77719pt x 409.53pt>
File: images/cap9-CalculPvalorUnilateral.png Graphic file (type png)
<use images/cap9-CalculPvalorUnilateral.png>
Package pdftex.def Info: images/cap9-CalculPvalorUnilateral.png  used on input 
line 9697.
(pdftex.def)             Requested size: 422.77664pt x 423.57655pt.


[179 <./images/cap9-CalculPvalorUnilateral.png>]
<images/cap9-CalculPvalorBilateral.png, id=1676, 411.78844pt x 411.03563pt>
File: images/cap9-CalculPvalorBilateral.png Graphic file (type png)
<use images/cap9-CalculPvalorBilateral.png>
Package pdftex.def Info: images/cap9-CalculPvalorBilateral.png  used on input l
ine 9723.
(pdftex.def)             Requested size: 422.77664pt x 422.00415pt.


[180 <./images/cap9-CalculPvalorBilateral.png>]

[181]

[182]

[183]
<images/cap9-SampleSize_i_MDS.png, id=1700, 412.54124pt x 286.06876pt>
File: images/cap9-SampleSize_i_MDS.png Graphic file (type png)
<use images/cap9-SampleSize_i_MDS.png>
Package pdftex.def Info: images/cap9-SampleSize_i_MDS.png  used on input line 9
894.
(pdftex.def)             Requested size: 422.77664pt x 293.16998pt.


[184 <./images/cap9-SampleSize_i_MDS.png>]
Underfull \hbox (badness 10000) in paragraph at lines 9934--9936

 []



[185]

[186]

[187]

[188]

[189]

[190]

[191]

[192]

[193]

[194]

[195]

[196]
Underfull \hbox (badness 10000) in paragraph at lines 10697--10699

 []



[197]

[198]

[199]

[200]

[201]

[202]

[203]

[204]

[205]

[206]

[207] [208]

[209]

[210]

[211]

[212]

[213]

[214]

[215]

[216]

[217]

[218]

[219]

[220]
Overfull \hbox (43.16385pt too wide) in paragraph at lines 12449--12449
[]$|  
 []



[221]

[222]

[223]

[224]
Underfull \hbox (badness 10000) in paragraph at lines 12684--12686

 []


Underfull \hbox (badness 10000) in paragraph at lines 12686--12687

 []


Underfull \hbox (badness 10000) in paragraph at lines 12689--12691

 []



[225]

LaTeX Warning: Command \textsterling invalid in math mode on input line 12755.


LaTeX Warning: Command \textsterling invalid in math mode on input line 12755.


LaTeX Warning: Command \textsterling invalid in math mode on input line 12755.


LaTeX Warning: Command \textsterling invalid in math mode on input line 12779.


LaTeX Warning: Command \textsterling invalid in math mode on input line 12779.


LaTeX Warning: Command \textsterling invalid in math mode on input line 12779.



[226]

[227]

LaTeX Warning: Command \textsterling invalid in math mode on input line 12940.


LaTeX Warning: Command \textsterling invalid in math mode on input line 12940.



[228]

LaTeX Warning: Command \textsterling invalid in math mode on input line 12973.


LaTeX Warning: Command \textsterling invalid in math mode on input line 12973.


LaTeX Warning: Command \textsterling invalid in math mode on input line 12973.



[229]
Overfull \hbox (9.27968pt too wide) in paragraph at lines 13091--13092
[]\T1/lmr/m/n/10 (-20) Puntuación  
 []


Overfull \hbox (5.75737pt too wide) in paragraph at lines 13111--13111
[]|\T1/lmr/m/n/10 (-20) Frecuencia|  
 []



[230]
Overfull \hbox (9.27968pt too wide) in paragraph at lines 13154--13155
[]\T1/lmr/m/n/10 (-20) Puntuación  
 []


Overfull \hbox (2.0824pt too wide) in paragraph at lines 13191--13192
[]\T1/lmr/m/n/10 (-20) Puntuación  
 []



[231]

[232]

[233] [234]

[235]

[236]

[237]

[238] [239]

[240]

[241]

[242]

[243]

[244]

[245]
LaTeX Font Info:    Trying to load font information for TS1+lmtt on input line 
14301.
(C:\Users\Usuario\AppData\Local\Programs\MiKTeX\tex/latex/lm\ts1lmtt.fd
File: ts1lmtt.fd 2015/05/01 v1.6.1 Font defs for Latin Modern
)

[246]

[247]
Overfull \hbox (0.11523pt too wide) in alignment at lines 14456--14468
 [] [] [] [] [] [] [] 
 []


Overfull \hbox (0.11523pt too wide) in alignment at lines 14468--14470
 [] [] [] [] [] [] [] 
 []


Overfull \hbox (0.11523pt too wide) in alignment at lines 14470--14476
 [] [] [] [] [] [] [] 
 []



[248] [249]

[250]

[251]

[252]

[253]

[254] (FundamentosInferenciaEstadistica.aux)
 ***********
LaTeX2e <2024-11-01> patch level 2
L3 programming layer <2025-01-18>
 ***********
 ) 
Here is how much of TeX's memory you used:
 17378 strings out of 473530
 295691 string characters out of 5713827
 745607 words of memory out of 5000000
 38937 multiletter control sequences out of 15000+600000
 660165 words of font info for 290 fonts, out of 8000000 for 9000
 1141 hyphenation exceptions out of 8191
 77i,15n,81p,1224b,643s stack positions out of 10000i,1000n,20000p,200000b,200000s
<C:/Users/Usuario/AppData/Local/Programs/MiKTeX/fonts/type1/public/lm/lmbx10.
pfb><C:/Users/Usuario/AppData/Local/Programs/MiKTeX/fonts/type1/public/lm/lmbx1
2.pfb><C:/Users/Usuario/AppData/Local/Programs/MiKTeX/fonts/type1/public/lm/lmb
x5.pfb><C:/Users/Usuario/AppData/Local/Programs/MiKTeX/fonts/type1/public/lm/lm
bx7.pfb><C:/Users/Usuario/AppData/Local/Programs/MiKTeX/fonts/type1/public/lm/l
mex10.pfb><C:/Users/Usuario/AppData/Local/Programs/MiKTeX/fonts/type1/public/lm
/lmmi10.pfb><C:/Users/Usuario/AppData/Local/Programs/MiKTeX/fonts/type1/public/
lm/lmmi12.pfb><C:/Users/Usuario/AppData/Local/Programs/MiKTeX/fonts/type1/publi
c/lm/lmmi5.pfb><C:/Users/Usuario/AppData/Local/Programs/MiKTeX/fonts/type1/publ
ic/lm/lmmi7.pfb><C:/Users/Usuario/AppData/Local/Programs/MiKTeX/fonts/type1/pub
lic/lm/lmmib10.pfb><C:/Users/Usuario/AppData/Local/Programs/MiKTeX/fonts/type1/
public/lm/lmmib7.pfb><C:/Users/Usuario/AppData/Local/Programs/MiKTeX/fonts/type
1/public/lm/lmr10.pfb><C:/Users/Usuario/AppData/Local/Programs/MiKTeX/fonts/typ
e1/public/lm/lmr12.pfb><C:/Users/Usuario/AppData/Local/Programs/MiKTeX/fonts/ty
pe1/public/lm/lmr17.pfb><C:/Users/Usuario/AppData/Local/Programs/MiKTeX/fonts/t
ype1/public/lm/lmr5.pfb><C:/Users/Usuario/AppData/Local/Programs/MiKTeX/fonts/t
ype1/public/lm/lmr6.pfb><C:/Users/Usuario/AppData/Local/Programs/MiKTeX/fonts/t
ype1/public/lm/lmr7.pfb><C:/Users/Usuario/AppData/Local/Programs/MiKTeX/fonts/t
ype1/public/lm/lmr8.pfb><C:/Users/Usuario/AppData/Local/Programs/MiKTeX/fonts/t
ype1/public/lm/lmri10.pfb><C:/Users/Usuario/AppData/Local/Programs/MiKTeX/fonts
/type1/public/lm/lmsy10.pfb><C:/Users/Usuario/AppData/Local/Programs/MiKTeX/fon
ts/type1/public/lm/lmsy5.pfb><C:/Users/Usuario/AppData/Local/Programs/MiKTeX/fo
nts/type1/public/lm/lmsy7.pfb><C:/Users/Usuario/AppData/Local/Programs/MiKTeX/f
onts/type1/public/lm/lmtk10.pfb><C:/Users/Usuario/AppData/Local/Programs/MiKTeX
/fonts/type1/public/lm/lmtt10.pfb><C:/Users/Usuario/AppData/Local/Programs/MiKT
eX/fonts/type1/public/lm/lmtti10.pfb><C:/Users/Usuario/AppData/Local/Programs/M
iKTeX/fonts/type1/public/amsfonts/symbols/msbm10.pfb><C:/Users/Usuario/AppData/
Local/Programs/MiKTeX/fonts/type1/public/amsfonts/symbols/msbm7.pfb>
Output written on FundamentosInferenciaEstadistica.pdf (254 pages, 8369664 byte
s).
PDF statistics:
 3015 PDF objects out of 3580 (max. 8388607)
 1015 named destinations out of 1200 (max. 500000)
 54797 words of extra memory for PDF output out of 61914 (max. 10000000)

